GET /api/v1/blockchain - 
    2024-05-05
    01:27:07
POST /api/v1/blockchain/mine - 
    2024-05-05
    11:44:43
GET /api/v1/blockchain - 
    2024-05-05
    12:36:26
POST /api/v1/blockchain/mine - 
    2024-05-05
    12:36:32
POST /api/v1/blockchain/mine - 
    2024-05-05
    12:36:42
GET /api/v1/blockchain - 
    2024-05-05
    12:37:34
GET /api/v1/blockchain - 
    2024-05-05
    13:30:43
POST /api/v1/blockchain/mine - 
    2024-05-05
    13:30:48
POST /api/v1/blockchain/mine - 
    2024-05-05
    13:30:49
GET /api/v1/blockchain - 
    2024-05-05
    13:30:52
GET /api/v1/blockchain - 
    2024-05-05
    13:55:57
GET /api/v1/blockchainnm - 
    2024-05-05
    13:56:33
GET /api/v1/blockchain - 
    2024-05-05
    13:57:01
GET /api/v1/blockchain - 
    2024-05-05
    14:17:07
POST /api/v1/blockchain/mine - 
    2024-05-05
    14:44:28
GET /api/v1/blockchain - 
    2024-05-05
    14:44:34
POST /api/v1/blockchain/mine - 
    2024-05-05
    14:45:43
GET /api/v1/blockchain - 
    2024-05-05
    14:45:47
POST /api/v1/blockchain/mine - 
    2024-05-05
    14:47:57
POST /api/v1/blockchain/mine - 
    2024-05-05
    14:48:38
POST /api/v1/blockchain/mine - 
    2024-05-05
    14:49:29
GET /api/v1/blockchain - 
    2024-05-05
    14:50:50
POST /api/v1/blockchain/mine - 
    2024-05-05
    14:50:59
GET /api/v1/blockchain - 
    2024-05-05
    15:09:18
GET /api/v1/blockchain - 
    2024-05-05
    15:10:00
POST /api/v1/blockchain/mine - 
    2024-05-05
    15:10:20
GET /api/v1/blockchain - 
    2024-05-05
    15:10:24
GET /api/v1/blockchain - 
    2024-05-05
    15:10:49
POST /api/v1/blockchain/mine - 
    2024-05-05
    15:11:11
POST /api/v1/blockchain/mine - 
    2024-05-05
    15:11:59
GET /api/v1/blockchain - 
    2024-05-05
    15:12:03
GET /api/v1/blockchain - 
    2024-05-05
    15:14:36
POST /api/v1/blockchain/mine - 
    2024-05-05
    15:14:43
GET /api/v1/blockchain - 
    2024-05-05
    15:14:47
GET /api/v1/blockchain - 
    2024-05-05
    15:16:58
POST /api/v1/blockchain/mine - 
    2024-05-05
    15:17:03
GET /api/v1/blockchain - 
    2024-05-05
    15:17:08
POST /api/v1/blockchain/mine - 
    2024-05-05
    15:18:51
GET /api/v1/blockchain - 
    2024-05-05
    15:18:54
POST /api/v1/blockchain/mine - 
    2024-05-05
    15:21:02
GET /api/v1/blockchain - 
    2024-05-05
    15:21:05
GET /api/v1/blockchain - 
    2024-05-05
    15:23:59
POST /api/v1/blockchain/mine - 
    2024-05-05
    15:24:03
GET /api/v1/blockchain - 
    2024-05-05
    15:24:06
POST /api/v1/blockchain/mine - 
    2024-05-05
    15:26:53
GET /api/v1/blockchain - 
    2024-05-05
    15:27:11
GET /api/v1/blockchain - 
    2024-05-05
    15:29:17
POST /api/v1/blockchain/mine - 
    2024-05-05
    15:29:20
POST /api/v1/blockchain/mine - 
    2024-05-05
    15:30:13
GET /api/v1/blockchain - 
    2024-05-05
    15:30:16
GET /api/v1/blockchain - 
    2024-05-05
    15:31:04
POST /api/v1/blockchain/mine - 
    2024-05-05
    15:31:07
POST /api/v1/blockchain/mine - 
    2024-05-05
    15:33:33
GET /api/v1/blockchain - 
    2024-05-05
    15:33:37
GET /api/v1/blockchain - 
    2024-05-05
    15:34:37
POST /api/v1/blockchain/mine - 
    2024-05-05
    15:34:41
POST /api/v1/blockchain/mine - 
    2024-05-05
    15:36:21
POST /api/v1/blockchain/mine - 
    2024-05-05
    15:37:50
POST /api/v1/blockchain/mine - 
    2024-05-05
    15:38:16
POST /api/v1/blockchain/mine - 
    2024-05-05
    15:38:24
POST /api/v1/blockchain/mine - 
    2024-05-05
    15:38:25
GET /api/v1/blockchain - 
    2024-05-05
    15:38:32
GET /api/v1/blockchain - 
    2024-05-05
    15:42:09
POST /api/v1/blockchain/mine - 
    2024-05-05
    15:42:13
GET /api/v1/blockchain - 
    2024-05-05
    15:42:40
POST /api/v1/blockchain/mine - 
    2024-05-05
    15:42:44
POST /api/v1/blockchain/mine - 
    2024-05-05
    15:44:15
POST /api/v1/blockchain/mine - 
    2024-05-05
    15:45:48
GET /api/v1/blockchain - 
    2024-05-05
    15:45:53
GET /api/v1/blockchain - 
    2024-05-05
    15:47:19
POST /api/v1/blockchain/mine - 
    2024-05-05
    15:47:24
POST /api/v1/blockchain/mine - 
    2024-05-05
    15:47:48
POST /api/v1/blockchain/mine - 
    2024-05-05
    15:48:10
POST /api/v1/blockchain/mine - 
    2024-05-05
    15:49:21
GET /api/v1/blockchain - 
    2024-05-05
    15:49:27
GET /api/v1/blockchain - 
    2024-05-05
    15:49:50
POST /api/v1/blockchain/mine - 
    2024-05-05
    15:49:53
POST /api/v1/blockchain/mine - 
    2024-05-05
    15:50:57
POST /api/v1/blockchain/mine - 
    2024-05-05
    15:52:33
POST /api/v1/blockchain/mine - 
    2024-05-05
    15:53:35
POST /api/v1/blockchain/mine - 
    2024-05-05
    15:54:25
POST /api/v1/blockchain/mine - 
    2024-05-05
    16:00:10
GET /api/v1/blockchain - 
    2024-05-05
    16:25:40
GET /api/v1/blockchain - 
    2024-05-05
    16:26:38
POST /api/v1/blockchain/mine - 
    2024-05-05
    16:26:44
POST /api/v1/blockchain/mine - 
    2024-05-05
    16:26:52
POST /api/v1/blockchain/mine - 
    2024-05-05
    16:26:52
GET /api/v1/blockchain - 
    2024-05-05
    16:26:55
GET /api/v1/blockchain - 
    2024-05-05
    16:27:46
POST /api/v1/blockchain/mine - 
    2024-05-05
    16:27:49
GET /api/v1/blockchain - 
    2024-05-05
    16:29:01
POST /api/v1/blockchain/mine - 
    2024-05-05
    16:29:14
GET /api/v1/blockchain - 
    2024-05-05
    16:29:21
GET /api/v1/blockchain - 
    2024-05-05
    16:32:56
GET /api/v1/blockchain - 
    2024-05-05
    16:33:57
POST /api/v1/blockchain/mine - 
    2024-05-05
    16:34:06
POST /api/v1/blockchain/mine - 
    2024-05-05
    16:35:55
GET /api/v1/blockchain - 
    2024-05-05
    16:35:59
GET /api/v1/blockchain - 
    2024-05-05
    16:36:46
POST /api/v1/blockchain/mine - 
    2024-05-05
    16:36:52
GET /api/v1/blockchain - 
    2024-05-05
    16:36:56
GET /api/v1/blockchain - 
    2024-05-05
    16:37:44
POST /api/v1/blockchain/mine - 
    2024-05-05
    16:37:47
GET /api/v1/blockchain - 
    2024-05-05
    16:37:51
GET /api/v1/blockchain - 
    2024-05-05
    16:38:31
POST /api/v1/blockchain/mine - 
    2024-05-05
    16:38:35
GET /api/v1/blockchain - 
    2024-05-05
    16:40:42
POST /api/v1/blockchain/mine - 
    2024-05-05
    16:40:47
GET /api/v1/blockchain - 
    2024-05-05
    16:40:50
GET /api/v1/blockchain - 
    2024-05-05
    17:23:32
POST /api/v1/blockchain/mine - 
    2024-05-05
    17:23:37
GET /api/v1/blockchain - 
    2024-05-05
    17:23:41
GET /api/v1/blockchain - 
    2024-05-05
    17:26:21
POST /api/v1/blockchain/mine - 
    2024-05-05
    17:26:29
POST /api/v1/blockchain/mine - 
    2024-05-05
    17:27:10
GET /api/v1/blockchain - 
    2024-05-05
    17:27:47
POST /api/v1/blockchain/mine - 
    2024-05-05
    17:27:53
POST /api/v1/blockchain/mine - 
    2024-05-05
    17:28:46
POST /api/v1/blockchain/mine - 
    2024-05-05
    17:29:34
POST /api/v1/blockchain/mine - 
    2024-05-05
    17:29:50
GET /api/v1/blockchain - 
    2024-05-05
    17:31:15
POST /api/v1/blockchain/mine - 
    2024-05-05
    17:31:18
GET /api/v1/blockchain - 
    2024-05-05
    17:31:23
GET /api/v1/blockchain - 
    2024-05-05
    17:33:40
POST /api/v1/blockchain/mine - 
    2024-05-05
    17:33:48
GET /api/v1/blockchain - 
    2024-05-05
    17:36:45
POST /api/v1/blockchain/mine - 
    2024-05-05
    17:36:50
GET /api/v1/blockchain - 
    2024-05-05
    17:36:59
GET /api/v1/blockchain - 
    2024-05-05
    17:38:17
POST /api/v1/blockchain/mine - 
    2024-05-05
    17:38:22
GET /api/v1/blockchain - 
    2024-05-05
    17:42:05
POST /api/v1/blockchain/mine - 
    2024-05-05
    17:42:14
GET /api/v1/blockchain - 
    2024-05-05
    17:42:53
POST /api/v1/blockchain/mine - 
    2024-05-05
    17:42:57
POST /api/v1/blockchain/mine - 
    2024-05-05
    17:45:20
GET /api/v1/blockchain - 
    2024-05-05
    17:46:32
POST /api/v1/blockchain/mine - 
    2024-05-05
    17:46:36
POST /api/v1/blockchain/mine - 
    2024-05-05
    17:47:25
GET /api/v1/blockchain - 
    2024-05-05
    17:48:09
GET /api/v1/blockchain - 
    2024-05-05
    17:49:39
POST /api/v1/blockchain/mine - 
    2024-05-05
    17:49:42
GET /api/v1/blockchain - 
    2024-05-05
    17:51:35
POST /api/v1/blockchain/mine - 
    2024-05-05
    17:51:41
POST /api/v1/blockchain/mine - 
    2024-05-05
    17:54:57
GET /api/v1/blockchain - 
    2024-05-05
    17:55:02
GET /api/v1/blockchain - 
    2024-05-05
    17:55:55
POST /api/v1/blockchain/mine - 
    2024-05-05
    17:56:00
GET /api/v1/blockchain - 
    2024-05-05
    18:01:12
POST /api/v1/blockchain/mine - 
    2024-05-05
    18:01:17
POST /api/v1/blockchain/mine - 
    2024-05-05
    18:01:34
POST /api/v1/blockchain/mine - 
    2024-05-05
    18:01:35
POST /api/v1/blockchain/mine - 
    2024-05-05
    18:01:36
GET /api/v1/blockchain - 
    2024-05-05
    18:01:39
GET /api/v1/blockchain - 
    2024-05-05
    18:02:15
POST /api/v1/blockchain/mine - 
    2024-05-05
    18:02:20
GET /api/v1/blockchain - 
    2024-05-05
    18:02:56
POST /api/v1/blockchain/mine - 
    2024-05-05
    18:02:59
GET /api/v1/blockchain - 
    2024-05-05
    18:10:16
POST /api/v1/blockchain/mine - 
    2024-05-05
    18:10:19
POST /api/v1/blockchain/mine - 
    2024-05-05
    18:10:23
POST /api/v1/blockchain/mine - 
    2024-05-05
    18:10:24
GET /api/v1/blockchain - 
    2024-05-05
    18:11:34
POST /api/v1/blockchain/mine - 
    2024-05-05
    18:11:38
GET /api/v1/blockchain - 
    2024-05-05
    18:11:42
POST /api/v1/blockchain/mine - 
    2024-05-05
    18:11:47
GET /api/v1/blockchain - 
    2024-05-05
    18:11:52
GET /api/v1/blockchain - 
    2024-05-05
    18:14:35
POST /api/v1/blockchain/mine - 
    2024-05-05
    18:14:40
GET /api/v1/blockchain - 
    2024-05-05
    18:14:44
GET /api/v1/blockchain - 
    2024-05-05
    18:15:05
POST /api/v1/blockchain/mine - 
    2024-05-05
    18:15:09
GET /api/v1/blockchain - 
    2024-05-05
    18:15:18
GET /api/v1/blockchain - 
    2024-05-05
    18:17:49
POST /api/v1/blockchain/mine - 
    2024-05-05
    18:17:53
GET /api/v1/blockchain - 
    2024-05-05
    18:18:01
GET /api/v1/blockchain - 
    2024-05-05
    18:22:14
POST /api/v1/blockchain/mine - 
    2024-05-05
    18:22:18
GET /api/v1/blockchain - 
    2024-05-05
    18:22:35
POST /api/v1/blockchain/mine - 
    2024-05-05
    18:22:41
POST /api/v1/blockchain/mine - 
    2024-05-05
    18:22:44
GET /api/v1/blockchain - 
    2024-05-05
    18:22:49
GET /api/v1/blockchain - 
    2024-05-05
    18:24:31
POST /api/v1/blockchain/mine - 
    2024-05-05
    18:24:35
GET /api/v1/blockchain - 
    2024-05-05
    18:24:38
GET /api/v1/blockchain - 
    2024-05-05
    18:26:44
POST /api/v1/blockchain/mine - 
    2024-05-05
    18:26:46
POST /api/v1/blockchain/mine - 
    2024-05-05
    18:26:50
GET /api/v1/blockchain - 
    2024-05-05
    18:26:55
GET /api/v1/blockchain - 
    2024-05-05
    18:29:29
POST /api/v1/blockchain/mine - 
    2024-05-05
    18:29:32
GET /api/v1/blockchain - 
    2024-05-05
    18:29:37
GET /api/v1/blockchain - 
    2024-05-05
    18:29:53
POST /api/v1/blockchain/mine - 
    2024-05-05
    18:29:57
POST /api/v1/blockchain/mine - 
    2024-05-05
    18:29:59
GET /api/v1/blockchain - 
    2024-05-05
    18:30:04
GET /api/v1/blockchain - 
    2024-05-05
    18:33:27
POST /api/v1/blockchain/mine - 
    2024-05-05
    18:33:29
GET /api/v1/blockchain - 
    2024-05-05
    18:33:34
GET /api/v1/blockchain - 
    2024-05-05
    18:35:16
POST /api/v1/blockchain/mine - 
    2024-05-05
    18:35:19
POST /api/v1/blockchain/mine - 
    2024-05-05
    18:35:22
GET /api/v1/blockchain - 
    2024-05-05
    18:35:27
GET /api/v1/blockchain - 
    2024-05-05
    18:36:50
POST /api/v1/blockchain/mine - 
    2024-05-05
    18:36:53
POST /api/v1/blockchain/mine - 
    2024-05-05
    18:36:59
POST /api/v1/blockchain/mine - 
    2024-05-05
    18:37:17
POST /api/v1/blockchain/mine - 
    2024-05-05
    18:37:21
GET /api/v1/blockchain - 
    2024-05-05
    18:37:28
POST /api/v1/blockchain/mine - 
    2024-05-05
    18:39:50
POST /api/v1/blockchain/mine - 
    2024-05-05
    18:39:53
GET /api/v1/blockchain - 
    2024-05-05
    18:39:59
GET /api/v1/blockchain - 
    2024-05-05
    18:40:01
POST /api/v1/blockchain/mine - 
    2024-05-05
    18:40:04
POST /api/v1/blockchain/mine - 
    2024-05-05
    18:40:15
POST /api/v1/blockchain/mine - 
    2024-05-05
    18:40:22
GET /api/v1/blockchain - 
    2024-05-05
    18:40:30
GET /api/v1/blockchain - 
    2024-05-05
    18:42:00
POST /api/v1/blockchain/mine - 
    2024-05-05
    18:42:03
POST /api/v1/blockchain/mine - 
    2024-05-05
    18:42:05
GET /api/v1/blockchain - 
    2024-05-05
    18:42:09
GET /api/v1/blockchain - 
    2024-05-05
    21:25:02
POST /api/v1/blockchain/mine - 
    2024-05-05
    21:25:11
POST /api/v1/blockchain/mine - 
    2024-05-05
    21:25:14
GET /api/v1/blockchain - 
    2024-05-05
    21:25:19
GET /api/v1/blockchain - 
    2024-05-05
    21:27:54
POST /api/v1/blockchain/mine - 
    2024-05-05
    21:27:56
POST /api/v1/blockchain/mine - 
    2024-05-05
    21:32:23
POST /api/v1/blockchain/mine - 
    2024-05-05
    21:32:37
GET /api/v1/blockchain/1 - 
    2024-05-05
    21:37:26
GET /api/v1/blockchain - 
    2024-05-05
    21:37:35
GET /api/v1/blockchain - 
    2024-05-05
    21:41:03
GET /api/v1/blockchain/1 - 
    2024-05-05
    21:41:09
GET /api/v1/blockchain/1 - 
    2024-05-05
    21:48:11
GET /api/v1/blockchain - 
    2024-05-05
    21:48:21
GET /api/v1/blockchain/1 - 
    2024-05-05
    21:48:27
GET /api/v1/blockchain - 
    2024-05-05
    21:50:45
GET /api/v1/blockchain/ - 
    2024-05-05
    21:50:52
GET /api/v1/blockchain/1 - 
    2024-05-05
    21:50:57
GET /api/v1/blockchain - 
    2024-05-05
    21:51:02
GET /api/v1/blockchain - 
    2024-05-05
    21:52:50
GET /api/v1/blockchain/1 - 
    2024-05-05
    21:52:56
GET /api/v1/blockchain/0 - 
    2024-05-05
    21:53:01
GET /api/v1/blockchain - 
    2024-05-05
    21:54:50
GET /api/v1/blockchain/1 - 
    2024-05-05
    21:54:55
GET /api/v1/blockchain/0 - 
    2024-05-05
    21:54:59
GET /api/v1/blockchain/0 - 
    2024-05-05
    21:55:11
GET /api/v1/blockchain - 
    2024-05-05
    21:55:16
GET /api/v1/blockchain/0 - 
    2024-05-05
    21:55:21
GET /api/v1/blockchain - 
    2024-05-05
    21:56:58
GET /api/v1/blockchain/0 - 
    2024-05-05
    21:57:04
GET /api/v1/blockchain - 
    2024-05-05
    21:57:22
GET /api/v1/blockchain - 
    2024-05-05
    21:58:17
GET /api/v1/blockchain/1 - 
    2024-05-05
    21:58:22
GET /api/v1/blockchain - 
    2024-05-05
    21:59:33
GET /api/v1/blockchain/1 - 
    2024-05-05
    21:59:54
GET /api/v1/blockchain - 
    2024-05-05
    22:00:02
POST /api/v1/blockchain/mine - 
    2024-05-05
    22:00:06
GET /api/v1/blockchain - 
    2024-05-05
    22:00:11
GET /api/v1/blockchain/2 - 
    2024-05-05
    22:00:19
GET /api/v1/blockchain - 
    2024-05-08
    10:56:25
POST /api/v1/blockchain/mine - 
    2024-05-08
    10:56:30
POST /api/v1/blockchain/mine - 
    2024-05-08
    10:56:33
GET /api/v1/blockchain - 
    2024-05-08
    10:56:36
POST /api/v1/blockchain/mine - 
    2024-05-08
    11:14:42
GET /api/v1/blockchain - 
    2024-05-08
    11:14:47
POST /api/v1/blockchain/mine - 
    2024-05-08
    11:14:54
POST /api/v1/blockchain/mine - 
    2024-05-08
    11:15:12
GET /api/v1/blockchain - 
    2024-05-08
    11:15:18
POST /api/v1/blockchain/mine - 
    2024-05-08
    11:16:01
GET /api/v1/blockchain - 
    2024-05-08
    11:16:14
POST /api/v1/blockchain/mine - 
    2024-05-08
    11:17:13
GET /api/v1/blockchain - 
    2024-05-08
    11:17:17
GET /api/v1/blockchain - 
    2024-05-08
    11:18:05
GET /api/v1/blockchain - 
    2024-05-08
    11:31:24
POST /api/v1/blockchain/mine - 
    2024-05-08
    11:31:38
POST /api/v1/blockchain/mine - 
    2024-05-08
    11:31:40
GET /api/v1/blockchain - 
    2024-05-08
    11:31:43
GET /api/v1/blockchain - 
    2024-05-08
    11:32:33
POST /api/v1/blockchain/mine - 
    2024-05-08
    11:32:48
GET /api/v1/blockchain - 
    2024-05-08
    11:33:00
GET /api/v1/blockchain - 
    2024-05-08
    11:34:36
POST /api/v1/blockchain/mine - 
    2024-05-08
    11:34:46
GET /api/v1/blockchain - 
    2024-05-08
    11:34:58
POST /api/v1/blockchain/mine - 
    2024-05-08
    14:50:49
POST /api/v1/blockchain/mine - 
    2024-05-08
    14:50:51
GET /api/v1/blockchain - 
    2024-05-08
    14:51:56
POST /api/v1/blockchain/mine - 
    2024-05-08
    14:52:06
POST /api/v1/blockchain/mine - 
    2024-05-08
    14:52:09
POST /api/v1/blockchain/mine - 
    2024-05-08
    14:53:54
POST /api/v1/blockchain/mine - 
    2024-05-08
    14:53:56
GET /api/v1/blockchain/2 - 
    2024-05-08
    14:54:07
GET /api/v1/blockchain/1 - 
    2024-05-08
    14:54:11
GET /api/v1/blockchain - 
    2024-05-08
    14:54:18
POST /api/v1/blockchain/mine - 
    2024-05-12
    21:08:12
GET /api/v1/blockchain - 
    2024-05-12
    21:08:22
GET /api/v1/blockchain - 
    2024-05-12
    21:09:08
POST /api/v1/blockchain/mine - 
    2024-05-12
    21:09:32
GET /api/v1/blockchain/2 - 
    2024-05-12
    21:10:02
GET /api/v1/blockchain - 
    2024-05-12
    21:10:17
GET /api/v1/blockchain - 
    2024-05-12
    21:12:21
POST /api/v1/blockchain/mine - 
    2024-05-12
    21:12:27
GET /api/v1/blockchain/2 - 
    2024-05-12
    21:12:33
GET /api/v1/blockchain - 
    2024-05-12
    21:13:17
GET /api/v1/blockchain - 
    2024-05-12
    21:14:46
POST /api/v1/blockchain/mine - 
    2024-05-12
    21:14:50
GET /api/v1/blockchain - 
    2024-05-12
    21:17:38
POST /api/v1/blockchain/mine - 
    2024-05-12
    21:17:45
GET /api/v1/blockchain/2 - 
    2024-05-12
    21:17:48
GET /api/v1/blockchain/2 - 
    2024-05-12
    21:18:19
POST /api/v1/blockchain/mine - 
    2024-05-12
    21:18:21
POST /api/v1/blockchain/mine - 
    2024-05-12
    21:20:40
GET /api/v1/blockchain - 
    2024-05-12
    21:22:04
POST /api/v1/blockchain/mine - 
    2024-05-12
    21:22:08
GET /api/v1/blockchain - 
    2024-05-12
    21:26:09
POST /api/v1/blockchain/mine - 
    2024-05-12
    21:26:11
GET /api/v1/blockchain - 
    2024-05-12
    21:26:46
POST /api/v1/blockchain/mine - 
    2024-05-12
    21:26:53
GET /api/v1/blockchain/2 - 
    2024-05-12
    21:26:56
