2024-05-05,
    13:55:57, 
    Method: GET,
    URL: /api/v1/blockchain,
    Success: undefined,
    message: error is not defined,
2024-05-05,
    13:56:33, 
    Method: GET,
    URL: /api/v1/blockchainnm,
    Success: false,
    message: Can't find /api/v1/blockchainnm on this server!,
2024-05-05,
    14:44:28, 
    Method: POST,
    URL: /api/v1/blockchain/mine,
    Success: true,
    message: [object Object],
2024-05-05,
    14:45:43, 
    Method: POST,
    URL: /api/v1/blockchain/mine,
    Success: true,
    message: [object Object],
2024-05-05,
    14:47:57, 
    Method: POST,
    URL: /api/v1/blockchain/mine,
    Success: true,
    message: [object Object],
2024-05-05,
    14:48:38, 
    Method: POST,
    URL: /api/v1/blockchain/mine,
    Success: true,
    message: [object Object],
2024-05-05,
    14:49:29, 
    Method: POST,
    URL: /api/v1/blockchain/mine,
    Success: true,
    message: [object Object],
2024-05-05,
    14:50:59, 
    Method: POST,
    URL: /api/v1/blockchain/mine,
    Success: true,
    message: [object Object],
2024-05-05,
    15:10:00, 
    Method: GET,
    URL: /api/v1/blockchain,
    Success: undefined,
    message: block is not defined,
2024-05-05,
    15:10:20, 
    Method: POST,
    URL: /api/v1/blockchain/mine,
    Success: true,
    message: [object Object],
2024-05-05,
    15:11:11, 
    Method: POST,
    URL: /api/v1/blockchain/mine,
    Success: true,
    message: [object Object],
2024-05-05,
    15:11:59, 
    Method: POST,
    URL: /api/v1/blockchain/mine,
    Success: true,
    message: [object Object],
2024-05-05,
    15:14:43, 
    Method: POST,
    URL: /api/v1/blockchain/mine,
    Success: true,
    message: [object Object],
2024-05-05,
    15:17:03, 
    Method: POST,
    URL: /api/v1/blockchain/mine,
    Success: true,
    message: [object Object],
2024-05-05,
    15:18:51, 
    Method: POST,
    URL: /api/v1/blockchain/mine,
    Success: true,
    message: [object Object],
2024-05-05,
    15:21:02, 
    Method: POST,
    URL: /api/v1/blockchain/mine,
    Success: true,
    message: [object Object],
2024-05-05,
    15:24:03, 
    Method: POST,
    URL: /api/v1/blockchain/mine,
    Success: true,
    message: [object Object],
2024-05-05,
    15:26:53, 
    Method: POST,
    URL: /api/v1/blockchain/mine,
    Success: true,
    message: [object Object],
2024-05-05,
    15:29:20, 
    Method: POST,
    URL: /api/v1/blockchain/mine,
    Success: true,
    message: [object Object],
2024-05-05,
    15:30:13, 
    Method: POST,
    URL: /api/v1/blockchain/mine,
    Success: true,
    message: [object Object],
2024-05-05,
    15:31:07, 
    Method: POST,
    URL: /api/v1/blockchain/mine,
    Success: true,
    message: [object Object],
2024-05-05,
    15:33:33, 
    Method: POST,
    URL: /api/v1/blockchain/mine,
    Success: true,
    message: [object Object],
2024-05-05,
    15:34:41, 
    Method: POST,
    URL: /api/v1/blockchain/mine,
    Success: true,
    message: [object Object],
2024-05-05,
    15:36:21, 
    Method: POST,
    URL: /api/v1/blockchain/mine,
    Success: true,
    message: [object Object],
2024-05-05,
    15:42:13, 
    Method: POST,
    URL: /api/v1/blockchain/mine,
    Success: true,
    message: [object Object],
2024-05-05,
    15:44:15, 
    Method: POST,
    URL: /api/v1/blockchain/mine,
    Success: true,
    message: [object Object],
2024-05-05,
    15:47:24, 
    Method: POST,
    URL: /api/v1/blockchain/mine,
    Success: true,
    message: [object Object],
2024-05-05,
    15:47:48, 
    Method: POST,
    URL: /api/v1/blockchain/mine,
    Success: true,
    message: [object Object],
2024-05-05,
    15:49:21, 
    Method: POST,
    URL: /api/v1/blockchain/mine,
    Success: true,
    message: [object Object],
2024-05-05,
    15:49:53, 
    Method: POST,
    URL: /api/v1/blockchain/mine,
    Success: true,
    message: [object Object],
2024-05-05,
    15:50:57, 
    Method: POST,
    URL: /api/v1/blockchain/mine,
    Success: true,
    message: [object Object],
2024-05-05,
    15:52:33, 
    Method: POST,
    URL: /api/v1/blockchain/mine,
    Success: true,
    message: [object Object],
2024-05-05,
    15:53:35, 
    Method: POST,
    URL: /api/v1/blockchain/mine,
    Success: true,
    message: [object Object],
2024-05-05,
    15:54:25, 
    Method: POST,
    URL: /api/v1/blockchain/mine,
    Success: true,
    message: [object Object],
2024-05-05,
    16:00:10, 
    Method: POST,
    URL: /api/v1/blockchain/mine,
    Success: true,
    message: [object Object],
2024-05-05,
    16:27:49, 
    Method: POST,
    URL: /api/v1/blockchain/mine,
    Success: true,
    message: [object Object],
2024-05-05,
    16:29:14, 
    Method: POST,
    URL: /api/v1/blockchain/mine,
    Success: true,
    message: [object Object],
2024-05-05,
    16:34:06, 
    Method: POST,
    URL: /api/v1/blockchain/mine,
    Success: true,
    message: [object Object],
2024-05-05,
    16:35:55, 
    Method: POST,
    URL: /api/v1/blockchain/mine,
    Success: true,
    message: [object Object],
2024-05-05,
    16:36:52, 
    Method: POST,
    URL: /api/v1/blockchain/mine,
    Success: true,
    message: [object Object],
2024-05-05,
    16:37:47, 
    Method: POST,
    URL: /api/v1/blockchain/mine,
    Success: true,
    message: [object Object],
2024-05-05,
    16:38:35, 
    Method: POST,
    URL: /api/v1/blockchain/mine,
    Success: true,
    message: [object Object],
2024-05-05,
    16:40:47, 
    Method: POST,
    URL: /api/v1/blockchain/mine,
    Success: true,
    message: [object Object],
2024-05-05,
    17:23:37, 
    Method: POST,
    URL: /api/v1/blockchain/mine,
    Success: true,
    message: [object Object],
2024-05-05,
    17:26:29, 
    Method: POST,
    URL: /api/v1/blockchain/mine,
    Success: true,
    message: [object Object],
2024-05-05,
    17:27:10, 
    Method: POST,
    URL: /api/v1/blockchain/mine,
    Success: true,
    message: [object Object],
2024-05-05,
    17:27:53, 
    Method: POST,
    URL: /api/v1/blockchain/mine,
    Success: true,
    message: [object Object],
2024-05-05,
    17:28:46, 
    Method: POST,
    URL: /api/v1/blockchain/mine,
    Success: true,
    message: [object Object],
2024-05-05,
    17:29:34, 
    Method: POST,
    URL: /api/v1/blockchain/mine,
    Success: true,
    message: [object Object],
2024-05-05,
    17:29:50, 
    Method: POST,
    URL: /api/v1/blockchain/mine,
    Success: true,
    message: [object Object],
2024-05-05,
    17:31:18, 
    Method: POST,
    URL: /api/v1/blockchain/mine,
    Success: true,
    message: [object Object],
2024-05-05,
    17:33:48, 
    Method: POST,
    URL: /api/v1/blockchain/mine,
    Success: true,
    message: [object Object],
2024-05-05,
    17:36:50, 
    Method: POST,
    URL: /api/v1/blockchain/mine,
    Success: true,
    message: [object Object],
2024-05-05,
    17:38:22, 
    Method: POST,
    URL: /api/v1/blockchain/mine,
    Success: true,
    message: [object Object],
2024-05-05,
    17:42:14, 
    Method: POST,
    URL: /api/v1/blockchain/mine,
    Success: true,
    message: [object Object],
2024-05-05,
    17:42:57, 
    Method: POST,
    URL: /api/v1/blockchain/mine,
    Success: true,
    message: [object Object],
2024-05-05,
    17:45:20, 
    Method: POST,
    URL: /api/v1/blockchain/mine,
    Success: true,
    message: [object Object],
2024-05-05,
    17:46:36, 
    Method: POST,
    URL: /api/v1/blockchain/mine,
    Success: true,
    message: [object Object],
2024-05-05,
    17:47:25, 
    Method: POST,
    URL: /api/v1/blockchain/mine,
    Success: true,
    message: [object Object],
2024-05-05,
    17:49:42, 
    Method: POST,
    URL: /api/v1/blockchain/mine,
    Success: true,
    message: [object Object],
2024-05-05,
    17:54:57, 
    Method: POST,
    URL: /api/v1/blockchain/mine,
    Success: true,
    message: [object Object],
2024-05-05,
    21:27:56, 
    Method: POST,
    URL: /api/v1/blockchain/mine,
    Success: true,
    message: [object Object],
2024-05-05,
    21:37:26, 
    Method: GET,
    URL: /api/v1/blockchain/1,
    Success: undefined,
    message: blockIndex is not defined,
2024-05-05,
    21:41:09, 
    Method: GET,
    URL: /api/v1/blockchain/1,
    Success: undefined,
    message: blockchain.getBlock is not a function,
2024-05-12,
    21:08:12, 
    Method: POST,
    URL: /api/v1/blockchain/mine,
    Success: true,
    message: [object Object],
2024-05-12,
    21:09:33, 
    Method: POST,
    URL: /api/v1/blockchain/mine,
    Success: true,
    message: [object Object],
